2022-12-17 13:12:711 INFO  HomePage :37 - Clicking on login link : [[ChromeDriver: chrome on WINDOWS (f0e6da2f7bd7ebfc89826e9bd786b9bf)] -> link text: Log in]
2022-12-17 13:12:808 INFO  LoginPage :42 - Getting text from : [[ChromeDriver: chrome on WINDOWS (f0e6da2f7bd7ebfc89826e9bd786b9bf)] -> xpath: //h1[contains(text(),'Welcome, Please Sign In!')]]
2022-12-17 13:12:148 INFO  HomePage :37 - Clicking on login link : [[ChromeDriver: chrome on WINDOWS (3a87bd2bf97b5ffd9af7bf3d072d29aa)] -> link text: Log in]
2022-12-17 13:12:235 INFO  LoginPage :42 - Getting text from : [[ChromeDriver: chrome on WINDOWS (3a87bd2bf97b5ffd9af7bf3d072d29aa)] -> xpath: //h1[contains(text(),'Welcome, Please Sign In!')]]
2022-12-17 13:12:497 INFO  HomePage :37 - Clicking on login link : [[ChromeDriver: chrome on WINDOWS (e04a7b9c2df6cf6b29c5d07e6238d77f)] -> link text: Log in]
2022-12-17 14:12:227 INFO  HomePage :37 - Clicking on login link : [[ChromeDriver: chrome on WINDOWS (b995515e6a22663d2a337a6607bc5d36)] -> link text: Log in]
2022-12-17 14:12:800 INFO  HomePage :37 - Clicking on login link : [[ChromeDriver: chrome on WINDOWS (939087c8c3b34adfefe1a2ebc4adfa5c)] -> link text: Log in]
2022-12-17 14:12:452 INFO  HomePage :37 - Clicking on login link : [[ChromeDriver: chrome on WINDOWS (51331fcd4bee2999a485d6a6c456adf1)] -> link text: Log in]
2022-12-17 14:12:110 INFO  HomePage :37 - Clicking on login link : [[ChromeDriver: chrome on WINDOWS (2b5e3442a2dbd2e3ba9dd70088d70f03)] -> link text: Log in]
2022-12-17 14:12:192 INFO  LoginPage :42 - Getting text from : [[ChromeDriver: chrome on WINDOWS (2b5e3442a2dbd2e3ba9dd70088d70f03)] -> xpath: //h1[contains(text(),'Welcome, Please Sign In!')]]
2022-12-17 15:12:351 INFO  HomePage :37 - Clicking on login link : [[ChromeDriver: chrome on WINDOWS (7c05d2e697ba61cb41232f6df7f75955)] -> link text: Log in]
2022-12-17 15:12:448 INFO  LoginPage :42 - Getting text from : [[ChromeDriver: chrome on WINDOWS (7c05d2e697ba61cb41232f6df7f75955)] -> xpath: //h1[contains(text(),'Welcome, Please Sign In!')]]
2022-12-17 15:12:708 INFO  HomePage :37 - Clicking on login link : [[ChromeDriver: chrome on WINDOWS (0eccdff4471328cefbda25e52f5fc152)] -> link text: Log in]
2022-12-17 15:12:913 INFO  HomePage :37 - Clicking on login link : [[ChromeDriver: chrome on WINDOWS (f1e7f3103cd13558852fefafec2f6836)] -> link text: Log in]
2022-12-17 15:12:12 INFO  LoginPage :42 - Getting text from : [[ChromeDriver: chrome on WINDOWS (f1e7f3103cd13558852fefafec2f6836)] -> xpath: //h1[contains(text(),'Welcome, Please Sign In!')]]
2022-12-17 15:12:364 INFO  HomePage :37 - Clicking on login link : [[ChromeDriver: chrome on WINDOWS (e4332f2dc9333e7173aeab1fe968ab61)] -> link text: Log in]
2022-12-17 18:12:861 INFO  HomePage :37 - Clicking on login link : [[ChromeDriver: chrome on WINDOWS (0b10534a5dc5ff9fab8360d7f1216c1c)] -> link text: Log in]
2022-12-17 18:12:945 INFO  LoginPage :42 - Getting text from : [[ChromeDriver: chrome on WINDOWS (0b10534a5dc5ff9fab8360d7f1216c1c)] -> xpath: //h1[contains(text(),'Welcome, Please Sign In!')]]
2022-12-17 18:12:267 INFO  HomePage :37 - Clicking on login link : [[ChromeDriver: chrome on WINDOWS (5e91b98a6e7b514f7152dba92d31cef8)] -> link text: Log in]
2022-12-17 22:12:999 INFO  HomePage :37 - Clicking on login link : [[ChromeDriver: chrome on WINDOWS (8487ce0960a6b4c5061ba9d9ded3e8d2)] -> link text: Log in]
2022-12-17 22:12:122 INFO  LoginPage :42 - Getting text from : [[ChromeDriver: chrome on WINDOWS (8487ce0960a6b4c5061ba9d9ded3e8d2)] -> xpath: //h1[contains(text(),'Welcome, Please Sign In!')]]
2022-12-17 22:12:574 INFO  HomePage :37 - Clicking on login link : [[ChromeDriver: chrome on WINDOWS (094dd8d47da58ed3e8dc4da1f4ab8f44)] -> link text: Log in]
2022-12-17 22:12:266 INFO  HomePage :37 - Clicking on login link : [[ChromeDriver: chrome on WINDOWS (4e890bd5d7c8f00ea75126a0fc26cf9d)] -> link text: Log in]
2022-12-17 22:12:370 INFO  LoginPage :42 - Getting text from : [[ChromeDriver: chrome on WINDOWS (4e890bd5d7c8f00ea75126a0fc26cf9d)] -> xpath: //h1[contains(text(),'Welcome, Please Sign In!')]]
2022-12-17 22:12:806 INFO  HomePage :37 - Clicking on login link : [[ChromeDriver: chrome on WINDOWS (904480bac5370aeb85e7f52424fde725)] -> link text: Log in]
2022-12-17 22:12:586 INFO  HomePage :37 - Clicking on login link : [[ChromeDriver: chrome on WINDOWS (458e3d09ce2fc13a8090190fb0037394)] -> link text: Log in]
2022-12-17 22:12:929 INFO  HomePage :37 - Clicking on login link : [[ChromeDriver: chrome on WINDOWS (1d0be42122a831670e0ff1ba934108af)] -> link text: Log in]
2022-12-17 22:12:957 INFO  HomePage :37 - Clicking on login link : [[ChromeDriver: chrome on WINDOWS (9509caefdc1d7fd2d814bf5ef7e3077b)] -> link text: Log in]
2022-12-22 02:06:167 INFO  Homepage :58 - Entering Job Title [[ChromeDriver: chrome on WINDOWS (8f16c94a6e968f233a7e4e2ef74d7452)] -> id: keywords]
2022-12-22 02:06:384 INFO  Homepage :64 - Entering Location [[ChromeDriver: chrome on WINDOWS (8f16c94a6e968f233a7e4e2ef74d7452)] -> id: location]
2022-12-22 02:06:654 INFO  Homepage :70 - Selecting Distance [[ChromeDriver: chrome on WINDOWS (8f16c94a6e968f233a7e4e2ef74d7452)] -> xpath: //select[@id='distance']]
2022-12-22 02:06:192 INFO  Homepage :83 - Entering Minimum Salary [[ChromeDriver: chrome on WINDOWS (8f16c94a6e968f233a7e4e2ef74d7452)] -> id: salarymin]
2022-12-22 02:06:499 INFO  Homepage :89 - Entering Max Salary [[ChromeDriver: chrome on WINDOWS (8f16c94a6e968f233a7e4e2ef74d7452)] -> id: salarymax]
2022-12-22 02:06:718 INFO  Homepage :95 - Selecting Salary Type [[ChromeDriver: chrome on WINDOWS (8f16c94a6e968f233a7e4e2ef74d7452)] -> xpath: (//select[@id='salarytype'])[1]]
2022-12-22 02:06:952 INFO  Homepage :102 - Selecting Job Type [[ChromeDriver: chrome on WINDOWS (8f16c94a6e968f233a7e4e2ef74d7452)] -> xpath: (//select[@id='tempperm'])[1]]
2022-12-22 02:06:288 INFO  Homepage :108 - Clicking on find jobs button [[ChromeDriver: chrome on WINDOWS (8f16c94a6e968f233a7e4e2ef74d7452)] -> id: hp-search-btn]
2022-12-22 02:06:305 INFO  ResultPage :24 - verifying the results [[ChromeDriver: chrome on WINDOWS (8f16c94a6e968f233a7e4e2ef74d7452)] -> xpath: //h1[@class='search-header__title']]
2022-12-22 02:06:710 INFO  Homepage :58 - Entering Job Title [[ChromeDriver: chrome on WINDOWS (2e6955900021d44621a94dac19c82d16)] -> id: keywords]
2022-12-22 02:06:875 INFO  Homepage :64 - Entering Location [[ChromeDriver: chrome on WINDOWS (2e6955900021d44621a94dac19c82d16)] -> id: location]
2022-12-22 02:06:78 INFO  Homepage :70 - Selecting Distance [[ChromeDriver: chrome on WINDOWS (2e6955900021d44621a94dac19c82d16)] -> xpath: //select[@id='distance']]
2022-12-22 02:06:452 INFO  Homepage :83 - Entering Minimum Salary [[ChromeDriver: chrome on WINDOWS (2e6955900021d44621a94dac19c82d16)] -> id: salarymin]
2022-12-22 02:06:597 INFO  Homepage :89 - Entering Max Salary [[ChromeDriver: chrome on WINDOWS (2e6955900021d44621a94dac19c82d16)] -> id: salarymax]
2022-12-22 02:06:718 INFO  Homepage :95 - Selecting Salary Type [[ChromeDriver: chrome on WINDOWS (2e6955900021d44621a94dac19c82d16)] -> xpath: (//select[@id='salarytype'])[1]]
2022-12-22 02:06:826 INFO  Homepage :102 - Selecting Job Type [[ChromeDriver: chrome on WINDOWS (2e6955900021d44621a94dac19c82d16)] -> xpath: (//select[@id='tempperm'])[1]]
2022-12-22 02:06:984 INFO  Homepage :108 - Clicking on find jobs button [[ChromeDriver: chrome on WINDOWS (2e6955900021d44621a94dac19c82d16)] -> id: hp-search-btn]
2022-12-22 02:06:304 INFO  ResultPage :24 - verifying the results [[ChromeDriver: chrome on WINDOWS (2e6955900021d44621a94dac19c82d16)] -> xpath: //h1[@class='search-header__title']]
2022-12-22 02:07:768 INFO  Homepage :58 - Entering Job Title [[ChromeDriver: chrome on WINDOWS (29d5afd7eb5b860b09af8bed300b8ffa)] -> id: keywords]
2022-12-22 02:07:978 INFO  Homepage :64 - Entering Location [[ChromeDriver: chrome on WINDOWS (29d5afd7eb5b860b09af8bed300b8ffa)] -> id: location]
2022-12-22 02:07:195 INFO  Homepage :70 - Selecting Distance [[ChromeDriver: chrome on WINDOWS (29d5afd7eb5b860b09af8bed300b8ffa)] -> xpath: //select[@id='distance']]
2022-12-22 02:07:647 INFO  Homepage :83 - Entering Minimum Salary [[ChromeDriver: chrome on WINDOWS (29d5afd7eb5b860b09af8bed300b8ffa)] -> id: salarymin]
2022-12-22 02:07:879 INFO  Homepage :89 - Entering Max Salary [[ChromeDriver: chrome on WINDOWS (29d5afd7eb5b860b09af8bed300b8ffa)] -> id: salarymax]
2022-12-22 02:07:86 INFO  Homepage :95 - Selecting Salary Type [[ChromeDriver: chrome on WINDOWS (29d5afd7eb5b860b09af8bed300b8ffa)] -> xpath: (//select[@id='salarytype'])[1]]
2022-12-22 02:07:372 INFO  Homepage :102 - Selecting Job Type [[ChromeDriver: chrome on WINDOWS (29d5afd7eb5b860b09af8bed300b8ffa)] -> xpath: (//select[@id='tempperm'])[1]]
2022-12-22 02:07:663 INFO  Homepage :108 - Clicking on find jobs button [[ChromeDriver: chrome on WINDOWS (29d5afd7eb5b860b09af8bed300b8ffa)] -> id: hp-search-btn]
2022-12-22 02:07:730 INFO  ResultPage :24 - verifying the results [[ChromeDriver: chrome on WINDOWS (29d5afd7eb5b860b09af8bed300b8ffa)] -> xpath: //h1[@class='search-header__title']]
2022-12-22 02:07:624 INFO  Homepage :58 - Entering Job Title [[ChromeDriver: chrome on WINDOWS (c618d49334b52faa0c85cf9030ca1521)] -> id: keywords]
2022-12-22 02:07:843 INFO  Homepage :64 - Entering Location [[ChromeDriver: chrome on WINDOWS (c618d49334b52faa0c85cf9030ca1521)] -> id: location]
2022-12-22 02:07:64 INFO  Homepage :70 - Selecting Distance [[ChromeDriver: chrome on WINDOWS (c618d49334b52faa0c85cf9030ca1521)] -> xpath: //select[@id='distance']]
2022-12-22 02:07:449 INFO  Homepage :83 - Entering Minimum Salary [[ChromeDriver: chrome on WINDOWS (c618d49334b52faa0c85cf9030ca1521)] -> id: salarymin]
2022-12-22 02:07:615 INFO  Homepage :89 - Entering Max Salary [[ChromeDriver: chrome on WINDOWS (c618d49334b52faa0c85cf9030ca1521)] -> id: salarymax]
2022-12-22 02:07:712 INFO  Homepage :95 - Selecting Salary Type [[ChromeDriver: chrome on WINDOWS (c618d49334b52faa0c85cf9030ca1521)] -> xpath: (//select[@id='salarytype'])[1]]
2022-12-22 02:07:878 INFO  Homepage :102 - Selecting Job Type [[ChromeDriver: chrome on WINDOWS (c618d49334b52faa0c85cf9030ca1521)] -> xpath: (//select[@id='tempperm'])[1]]
2022-12-22 02:07:46 INFO  Homepage :108 - Clicking on find jobs button [[ChromeDriver: chrome on WINDOWS (c618d49334b52faa0c85cf9030ca1521)] -> id: hp-search-btn]
2022-12-22 02:07:570 INFO  ResultPage :24 - verifying the results [[ChromeDriver: chrome on WINDOWS (c618d49334b52faa0c85cf9030ca1521)] -> xpath: //h1[@class='search-header__title']]
2022-12-22 02:07:618 INFO  Homepage :58 - Entering Job Title [[ChromeDriver: chrome on WINDOWS (9107b161b9706cad049aaef4787ac05f)] -> id: keywords]
2022-12-22 02:07:805 INFO  Homepage :64 - Entering Location [[ChromeDriver: chrome on WINDOWS (9107b161b9706cad049aaef4787ac05f)] -> id: location]
2022-12-22 02:07:60 INFO  Homepage :70 - Selecting Distance [[ChromeDriver: chrome on WINDOWS (9107b161b9706cad049aaef4787ac05f)] -> xpath: //select[@id='distance']]
2022-12-22 02:07:494 INFO  Homepage :83 - Entering Minimum Salary [[ChromeDriver: chrome on WINDOWS (9107b161b9706cad049aaef4787ac05f)] -> id: salarymin]
2022-12-22 02:07:724 INFO  Homepage :89 - Entering Max Salary [[ChromeDriver: chrome on WINDOWS (9107b161b9706cad049aaef4787ac05f)] -> id: salarymax]
2022-12-22 02:07:878 INFO  Homepage :95 - Selecting Salary Type [[ChromeDriver: chrome on WINDOWS (9107b161b9706cad049aaef4787ac05f)] -> xpath: (//select[@id='salarytype'])[1]]
2022-12-22 02:07:174 INFO  Homepage :102 - Selecting Job Type [[ChromeDriver: chrome on WINDOWS (9107b161b9706cad049aaef4787ac05f)] -> xpath: (//select[@id='tempperm'])[1]]
2022-12-22 02:07:432 INFO  Homepage :108 - Clicking on find jobs button [[ChromeDriver: chrome on WINDOWS (9107b161b9706cad049aaef4787ac05f)] -> id: hp-search-btn]
2022-12-22 02:07:592 INFO  ResultPage :24 - verifying the results [[ChromeDriver: chrome on WINDOWS (9107b161b9706cad049aaef4787ac05f)] -> xpath: //h1[@class='search-header__title']]
2022-12-22 02:07:173 INFO  Homepage :58 - Entering Job Title [[ChromeDriver: chrome on WINDOWS (02421b31c3d49e338d9297c0fe4a0215)] -> id: keywords]
2022-12-22 02:07:296 INFO  Homepage :64 - Entering Location [[ChromeDriver: chrome on WINDOWS (02421b31c3d49e338d9297c0fe4a0215)] -> id: location]
2022-12-22 02:07:411 INFO  Homepage :70 - Selecting Distance [[ChromeDriver: chrome on WINDOWS (02421b31c3d49e338d9297c0fe4a0215)] -> xpath: //select[@id='distance']]
2022-12-22 02:07:854 INFO  Homepage :83 - Entering Minimum Salary [[ChromeDriver: chrome on WINDOWS (02421b31c3d49e338d9297c0fe4a0215)] -> id: salarymin]
2022-12-22 02:07:985 INFO  Homepage :89 - Entering Max Salary [[ChromeDriver: chrome on WINDOWS (02421b31c3d49e338d9297c0fe4a0215)] -> id: salarymax]
2022-12-22 02:07:113 INFO  Homepage :95 - Selecting Salary Type [[ChromeDriver: chrome on WINDOWS (02421b31c3d49e338d9297c0fe4a0215)] -> xpath: (//select[@id='salarytype'])[1]]
2022-12-22 02:07:210 INFO  Homepage :102 - Selecting Job Type [[ChromeDriver: chrome on WINDOWS (02421b31c3d49e338d9297c0fe4a0215)] -> xpath: (//select[@id='tempperm'])[1]]
2022-12-22 02:07:356 INFO  Homepage :108 - Clicking on find jobs button [[ChromeDriver: chrome on WINDOWS (02421b31c3d49e338d9297c0fe4a0215)] -> id: hp-search-btn]
2022-12-22 02:07:760 INFO  ResultPage :24 - verifying the results [[ChromeDriver: chrome on WINDOWS (02421b31c3d49e338d9297c0fe4a0215)] -> xpath: //h1[@class='search-header__title']]
2022-12-22 02:07:374 INFO  Homepage :58 - Entering Job Title [[ChromeDriver: chrome on WINDOWS (b8d04b89d8a480e224dca2b6044d0c9d)] -> id: keywords]
2022-12-22 02:07:582 INFO  Homepage :64 - Entering Location [[ChromeDriver: chrome on WINDOWS (b8d04b89d8a480e224dca2b6044d0c9d)] -> id: location]
2022-12-22 02:07:732 INFO  Homepage :70 - Selecting Distance [[ChromeDriver: chrome on WINDOWS (b8d04b89d8a480e224dca2b6044d0c9d)] -> xpath: //select[@id='distance']]
2022-12-22 02:07:151 INFO  Homepage :83 - Entering Minimum Salary [[ChromeDriver: chrome on WINDOWS (b8d04b89d8a480e224dca2b6044d0c9d)] -> id: salarymin]
2022-12-22 02:07:316 INFO  Homepage :89 - Entering Max Salary [[ChromeDriver: chrome on WINDOWS (b8d04b89d8a480e224dca2b6044d0c9d)] -> id: salarymax]
2022-12-22 02:07:449 INFO  Homepage :95 - Selecting Salary Type [[ChromeDriver: chrome on WINDOWS (b8d04b89d8a480e224dca2b6044d0c9d)] -> xpath: (//select[@id='salarytype'])[1]]
2022-12-22 02:07:578 INFO  Homepage :102 - Selecting Job Type [[ChromeDriver: chrome on WINDOWS (b8d04b89d8a480e224dca2b6044d0c9d)] -> xpath: (//select[@id='tempperm'])[1]]
2022-12-22 02:07:774 INFO  Homepage :108 - Clicking on find jobs button [[ChromeDriver: chrome on WINDOWS (b8d04b89d8a480e224dca2b6044d0c9d)] -> id: hp-search-btn]
2022-12-22 02:07:685 INFO  ResultPage :24 - verifying the results [[ChromeDriver: chrome on WINDOWS (b8d04b89d8a480e224dca2b6044d0c9d)] -> xpath: //h1[@class='search-header__title']]
2022-12-22 02:08:01 INFO  Homepage :58 - Entering Job Title [[ChromeDriver: chrome on WINDOWS (98fb34b0131f222a4e410202012aba05)] -> id: keywords]
2022-12-22 02:08:148 INFO  Homepage :64 - Entering Location [[ChromeDriver: chrome on WINDOWS (98fb34b0131f222a4e410202012aba05)] -> id: location]
2022-12-22 02:08:318 INFO  Homepage :70 - Selecting Distance [[ChromeDriver: chrome on WINDOWS (98fb34b0131f222a4e410202012aba05)] -> xpath: //select[@id='distance']]
2022-12-22 02:08:712 INFO  Homepage :83 - Entering Minimum Salary [[ChromeDriver: chrome on WINDOWS (98fb34b0131f222a4e410202012aba05)] -> id: salarymin]
2022-12-22 02:08:897 INFO  Homepage :89 - Entering Max Salary [[ChromeDriver: chrome on WINDOWS (98fb34b0131f222a4e410202012aba05)] -> id: salarymax]
2022-12-22 02:08:86 INFO  Homepage :95 - Selecting Salary Type [[ChromeDriver: chrome on WINDOWS (98fb34b0131f222a4e410202012aba05)] -> xpath: (//select[@id='salarytype'])[1]]
2022-12-22 02:08:241 INFO  Homepage :102 - Selecting Job Type [[ChromeDriver: chrome on WINDOWS (98fb34b0131f222a4e410202012aba05)] -> xpath: (//select[@id='tempperm'])[1]]
2022-12-22 02:08:445 INFO  Homepage :108 - Clicking on find jobs button [[ChromeDriver: chrome on WINDOWS (98fb34b0131f222a4e410202012aba05)] -> id: hp-search-btn]
2022-12-22 02:08:686 INFO  ResultPage :24 - verifying the results [[ChromeDriver: chrome on WINDOWS (98fb34b0131f222a4e410202012aba05)] -> xpath: //h1[@class='search-header__title']]
2022-12-22 02:11:841 INFO  Homepage :58 - Entering Job Title [[ChromeDriver: chrome on WINDOWS (b6c3aae0015b632ffc6f0d81e08a6f73)] -> id: keywords]
2022-12-22 02:11:951 INFO  Homepage :64 - Entering Location [[ChromeDriver: chrome on WINDOWS (b6c3aae0015b632ffc6f0d81e08a6f73)] -> id: location]
2022-12-22 02:11:310 INFO  Homepage :70 - Selecting Distance [[ChromeDriver: chrome on WINDOWS (b6c3aae0015b632ffc6f0d81e08a6f73)] -> xpath: //select[@id='distance']]
2022-12-22 02:11:680 INFO  Homepage :83 - Entering Minimum Salary [[ChromeDriver: chrome on WINDOWS (b6c3aae0015b632ffc6f0d81e08a6f73)] -> id: salarymin]
2022-12-22 02:11:355 INFO  Homepage :89 - Entering Max Salary [[ChromeDriver: chrome on WINDOWS (b6c3aae0015b632ffc6f0d81e08a6f73)] -> id: salarymax]
2022-12-22 02:11:590 INFO  Homepage :95 - Selecting Salary Type [[ChromeDriver: chrome on WINDOWS (b6c3aae0015b632ffc6f0d81e08a6f73)] -> xpath: (//select[@id='salarytype'])[1]]
2022-12-22 02:11:679 INFO  Homepage :102 - Selecting Job Type [[ChromeDriver: chrome on WINDOWS (b6c3aae0015b632ffc6f0d81e08a6f73)] -> xpath: (//select[@id='tempperm'])[1]]
2022-12-22 02:11:166 INFO  Homepage :108 - Clicking on find jobs button [[ChromeDriver: chrome on WINDOWS (b6c3aae0015b632ffc6f0d81e08a6f73)] -> id: hp-search-btn]
2022-12-22 02:11:274 INFO  ResultPage :24 - verifying the results [[ChromeDriver: chrome on WINDOWS (b6c3aae0015b632ffc6f0d81e08a6f73)] -> xpath: //h1[@class='search-header__title']]
2022-12-22 02:11:570 INFO  Homepage :58 - Entering Job Title [[ChromeDriver: chrome on WINDOWS (41dd9609b521e93b94b777ea23833fc9)] -> id: keywords]
2022-12-22 02:11:157 INFO  Homepage :64 - Entering Location [[ChromeDriver: chrome on WINDOWS (41dd9609b521e93b94b777ea23833fc9)] -> id: location]
2022-12-22 02:11:335 INFO  Homepage :70 - Selecting Distance [[ChromeDriver: chrome on WINDOWS (41dd9609b521e93b94b777ea23833fc9)] -> xpath: //select[@id='distance']]
2022-12-22 02:11:763 INFO  Homepage :83 - Entering Minimum Salary [[ChromeDriver: chrome on WINDOWS (41dd9609b521e93b94b777ea23833fc9)] -> id: salarymin]
2022-12-22 02:11:930 INFO  Homepage :89 - Entering Max Salary [[ChromeDriver: chrome on WINDOWS (41dd9609b521e93b94b777ea23833fc9)] -> id: salarymax]
2022-12-22 02:11:42 INFO  Homepage :95 - Selecting Salary Type [[ChromeDriver: chrome on WINDOWS (41dd9609b521e93b94b777ea23833fc9)] -> xpath: (//select[@id='salarytype'])[1]]
2022-12-22 02:11:259 INFO  Homepage :102 - Selecting Job Type [[ChromeDriver: chrome on WINDOWS (41dd9609b521e93b94b777ea23833fc9)] -> xpath: (//select[@id='tempperm'])[1]]
2022-12-22 02:11:558 INFO  Homepage :108 - Clicking on find jobs button [[ChromeDriver: chrome on WINDOWS (41dd9609b521e93b94b777ea23833fc9)] -> id: hp-search-btn]
2022-12-22 02:11:999 INFO  ResultPage :24 - verifying the results [[ChromeDriver: chrome on WINDOWS (41dd9609b521e93b94b777ea23833fc9)] -> xpath: //h1[@class='search-header__title']]
2022-12-22 02:11:812 INFO  Homepage :58 - Entering Job Title [[ChromeDriver: chrome on WINDOWS (f57747c644172678fcbe2029283dbc68)] -> id: keywords]
2022-12-22 02:11:22 INFO  Homepage :64 - Entering Location [[ChromeDriver: chrome on WINDOWS (f57747c644172678fcbe2029283dbc68)] -> id: location]
2022-12-22 02:11:331 INFO  Homepage :70 - Selecting Distance [[ChromeDriver: chrome on WINDOWS (f57747c644172678fcbe2029283dbc68)] -> xpath: //select[@id='distance']]
2022-12-22 02:11:875 INFO  Homepage :83 - Entering Minimum Salary [[ChromeDriver: chrome on WINDOWS (f57747c644172678fcbe2029283dbc68)] -> id: salarymin]
2022-12-22 02:11:69 INFO  Homepage :89 - Entering Max Salary [[ChromeDriver: chrome on WINDOWS (f57747c644172678fcbe2029283dbc68)] -> id: salarymax]
2022-12-22 02:11:253 INFO  Homepage :95 - Selecting Salary Type [[ChromeDriver: chrome on WINDOWS (f57747c644172678fcbe2029283dbc68)] -> xpath: (//select[@id='salarytype'])[1]]
2022-12-22 02:11:606 INFO  Homepage :102 - Selecting Job Type [[ChromeDriver: chrome on WINDOWS (f57747c644172678fcbe2029283dbc68)] -> xpath: (//select[@id='tempperm'])[1]]
2022-12-22 02:11:930 INFO  Homepage :108 - Clicking on find jobs button [[ChromeDriver: chrome on WINDOWS (f57747c644172678fcbe2029283dbc68)] -> id: hp-search-btn]
2022-12-22 02:12:892 INFO  ResultPage :24 - verifying the results [[ChromeDriver: chrome on WINDOWS (f57747c644172678fcbe2029283dbc68)] -> xpath: //h1[@class='search-header__title']]
2022-12-22 02:12:832 INFO  Homepage :58 - Entering Job Title [[ChromeDriver: chrome on WINDOWS (99975f0f62529b971b668a6c5bce05dd)] -> id: keywords]
2022-12-22 02:12:442 INFO  Homepage :64 - Entering Location [[ChromeDriver: chrome on WINDOWS (99975f0f62529b971b668a6c5bce05dd)] -> id: location]
2022-12-22 02:12:666 INFO  Homepage :70 - Selecting Distance [[ChromeDriver: chrome on WINDOWS (99975f0f62529b971b668a6c5bce05dd)] -> xpath: //select[@id='distance']]
2022-12-22 02:12:274 INFO  Homepage :83 - Entering Minimum Salary [[ChromeDriver: chrome on WINDOWS (99975f0f62529b971b668a6c5bce05dd)] -> id: salarymin]
2022-12-22 02:12:459 INFO  Homepage :89 - Entering Max Salary [[ChromeDriver: chrome on WINDOWS (99975f0f62529b971b668a6c5bce05dd)] -> id: salarymax]
2022-12-22 02:12:610 INFO  Homepage :95 - Selecting Salary Type [[ChromeDriver: chrome on WINDOWS (99975f0f62529b971b668a6c5bce05dd)] -> xpath: (//select[@id='salarytype'])[1]]
2022-12-22 02:12:881 INFO  Homepage :102 - Selecting Job Type [[ChromeDriver: chrome on WINDOWS (99975f0f62529b971b668a6c5bce05dd)] -> xpath: (//select[@id='tempperm'])[1]]
2022-12-22 02:12:104 INFO  Homepage :108 - Clicking on find jobs button [[ChromeDriver: chrome on WINDOWS (99975f0f62529b971b668a6c5bce05dd)] -> id: hp-search-btn]
2022-12-22 02:12:688 INFO  ResultPage :24 - verifying the results [[ChromeDriver: chrome on WINDOWS (99975f0f62529b971b668a6c5bce05dd)] -> xpath: //h1[@class='search-header__title']]
2022-12-22 02:12:736 INFO  Homepage :58 - Entering Job Title [[ChromeDriver: chrome on WINDOWS (32ecaf163c8f20fbfffd58c5469f3e3d)] -> id: keywords]
2022-12-22 02:12:910 INFO  Homepage :64 - Entering Location [[ChromeDriver: chrome on WINDOWS (32ecaf163c8f20fbfffd58c5469f3e3d)] -> id: location]
2022-12-22 02:12:79 INFO  Homepage :70 - Selecting Distance [[ChromeDriver: chrome on WINDOWS (32ecaf163c8f20fbfffd58c5469f3e3d)] -> xpath: //select[@id='distance']]
2022-12-22 02:12:503 INFO  Homepage :83 - Entering Minimum Salary [[ChromeDriver: chrome on WINDOWS (32ecaf163c8f20fbfffd58c5469f3e3d)] -> id: salarymin]
2022-12-22 02:12:763 INFO  Homepage :89 - Entering Max Salary [[ChromeDriver: chrome on WINDOWS (32ecaf163c8f20fbfffd58c5469f3e3d)] -> id: salarymax]
2022-12-22 02:12:956 INFO  Homepage :95 - Selecting Salary Type [[ChromeDriver: chrome on WINDOWS (32ecaf163c8f20fbfffd58c5469f3e3d)] -> xpath: (//select[@id='salarytype'])[1]]
2022-12-22 02:12:122 INFO  Homepage :102 - Selecting Job Type [[ChromeDriver: chrome on WINDOWS (32ecaf163c8f20fbfffd58c5469f3e3d)] -> xpath: (//select[@id='tempperm'])[1]]
2022-12-22 02:12:376 INFO  Homepage :108 - Clicking on find jobs button [[ChromeDriver: chrome on WINDOWS (32ecaf163c8f20fbfffd58c5469f3e3d)] -> id: hp-search-btn]
2022-12-22 02:12:458 INFO  ResultPage :24 - verifying the results [[ChromeDriver: chrome on WINDOWS (32ecaf163c8f20fbfffd58c5469f3e3d)] -> xpath: //h1[@class='search-header__title']]
2022-12-22 02:12:820 INFO  Homepage :58 - Entering Job Title [[ChromeDriver: chrome on WINDOWS (16f7e8bf862336d9915626d6049f9293)] -> id: keywords]
2022-12-22 02:12:406 INFO  Homepage :64 - Entering Location [[ChromeDriver: chrome on WINDOWS (16f7e8bf862336d9915626d6049f9293)] -> id: location]
2022-12-22 02:12:657 INFO  Homepage :70 - Selecting Distance [[ChromeDriver: chrome on WINDOWS (16f7e8bf862336d9915626d6049f9293)] -> xpath: //select[@id='distance']]
2022-12-22 02:12:244 INFO  Homepage :83 - Entering Minimum Salary [[ChromeDriver: chrome on WINDOWS (16f7e8bf862336d9915626d6049f9293)] -> id: salarymin]
2022-12-22 02:12:537 INFO  Homepage :89 - Entering Max Salary [[ChromeDriver: chrome on WINDOWS (16f7e8bf862336d9915626d6049f9293)] -> id: salarymax]
2022-12-22 02:12:780 INFO  Homepage :95 - Selecting Salary Type [[ChromeDriver: chrome on WINDOWS (16f7e8bf862336d9915626d6049f9293)] -> xpath: (//select[@id='salarytype'])[1]]
2022-12-22 02:12:989 INFO  Homepage :102 - Selecting Job Type [[ChromeDriver: chrome on WINDOWS (16f7e8bf862336d9915626d6049f9293)] -> xpath: (//select[@id='tempperm'])[1]]
2022-12-22 02:12:334 INFO  Homepage :108 - Clicking on find jobs button [[ChromeDriver: chrome on WINDOWS (16f7e8bf862336d9915626d6049f9293)] -> id: hp-search-btn]
2022-12-22 02:12:221 INFO  ResultPage :24 - verifying the results [[ChromeDriver: chrome on WINDOWS (16f7e8bf862336d9915626d6049f9293)] -> xpath: //h1[@class='search-header__title']]
2022-12-22 02:13:170 INFO  Homepage :58 - Entering Job Title [[ChromeDriver: chrome on WINDOWS (b787aec8db299ead053d7594d3d088b1)] -> id: keywords]
2022-12-22 02:13:767 INFO  Homepage :64 - Entering Location [[ChromeDriver: chrome on WINDOWS (b787aec8db299ead053d7594d3d088b1)] -> id: location]
2022-12-22 02:13:946 INFO  Homepage :70 - Selecting Distance [[ChromeDriver: chrome on WINDOWS (b787aec8db299ead053d7594d3d088b1)] -> xpath: //select[@id='distance']]
2022-12-22 02:13:458 INFO  Homepage :83 - Entering Minimum Salary [[ChromeDriver: chrome on WINDOWS (b787aec8db299ead053d7594d3d088b1)] -> id: salarymin]
2022-12-22 02:13:680 INFO  Homepage :89 - Entering Max Salary [[ChromeDriver: chrome on WINDOWS (b787aec8db299ead053d7594d3d088b1)] -> id: salarymax]
2022-12-22 02:13:842 INFO  Homepage :95 - Selecting Salary Type [[ChromeDriver: chrome on WINDOWS (b787aec8db299ead053d7594d3d088b1)] -> xpath: (//select[@id='salarytype'])[1]]
2022-12-22 02:13:26 INFO  Homepage :102 - Selecting Job Type [[ChromeDriver: chrome on WINDOWS (b787aec8db299ead053d7594d3d088b1)] -> xpath: (//select[@id='tempperm'])[1]]
2022-12-22 02:13:263 INFO  Homepage :108 - Clicking on find jobs button [[ChromeDriver: chrome on WINDOWS (b787aec8db299ead053d7594d3d088b1)] -> id: hp-search-btn]
2022-12-22 02:13:520 INFO  ResultPage :24 - verifying the results [[ChromeDriver: chrome on WINDOWS (b787aec8db299ead053d7594d3d088b1)] -> xpath: //h1[@class='search-header__title']]
